Determining if the pthread_create exist failed with the following output:
Change Dir: /home/6im2/mvaill01/Bureau/s3 opengl/GLImac-Template-build/CMakeFiles/CMakeTmp

Run Build Command:"/usr/bin/make" "cmTC_e02ef/fast"
/usr/bin/make -f CMakeFiles/cmTC_e02ef.dir/build.make CMakeFiles/cmTC_e02ef.dir/build
make[1] : on entre dans le répertoire « /home/6im2/mvaill01/Bureau/s3 opengl/GLImac-Template-build/CMakeFiles/CMakeTmp »
Building C object CMakeFiles/cmTC_e02ef.dir/CheckSymbolExists.c.o
/usr/bin/cc     -o CMakeFiles/cmTC_e02ef.dir/CheckSymbolExists.c.o   -c "/home/6im2/mvaill01/Bureau/s3 opengl/GLImac-Template-build/CMakeFiles/CMakeTmp/CheckSymbolExists.c"
Linking C executable cmTC_e02ef
/usr/bin/cmake -E cmake_link_script CMakeFiles/cmTC_e02ef.dir/link.txt --verbose=1
/usr/bin/cc       CMakeFiles/cmTC_e02ef.dir/CheckSymbolExists.c.o  -o cmTC_e02ef -rdynamic 
CMakeFiles/cmTC_e02ef.dir/CheckSymbolExists.c.o : Dans la fonction « main » :
CheckSymbolExists.c:(.text+0x1b) : référence indéfinie vers « pthread_create »
collect2: error: ld returned 1 exit status
CMakeFiles/cmTC_e02ef.dir/build.make:97 : la recette pour la cible « cmTC_e02ef » a échouée
make[1]: *** [cmTC_e02ef] Erreur 1
make[1] : on quitte le répertoire « /home/6im2/mvaill01/Bureau/s3 opengl/GLImac-Template-build/CMakeFiles/CMakeTmp »
Makefile:126 : la recette pour la cible « cmTC_e02ef/fast » a échouée
make: *** [cmTC_e02ef/fast] Erreur 2

File /home/6im2/mvaill01/Bureau/s3 opengl/GLImac-Template-build/CMakeFiles/CMakeTmp/CheckSymbolExists.c:
/* */
#include <pthread.h>

int main(int argc, char** argv)
{
  (void)argv;
#ifndef pthread_create
  return ((int*)(&pthread_create))[argc];
#else
  (void)argc;
  return 0;
#endif
}

Determining if the function pthread_create exists in the pthreads failed with the following output:
Change Dir: /home/6im2/mvaill01/Bureau/s3 opengl/GLImac-Template-build/CMakeFiles/CMakeTmp

Run Build Command:"/usr/bin/make" "cmTC_9adbb/fast"
/usr/bin/make -f CMakeFiles/cmTC_9adbb.dir/build.make CMakeFiles/cmTC_9adbb.dir/build
make[1] : on entre dans le répertoire « /home/6im2/mvaill01/Bureau/s3 opengl/GLImac-Template-build/CMakeFiles/CMakeTmp »
Building C object CMakeFiles/cmTC_9adbb.dir/CheckFunctionExists.c.o
/usr/bin/cc    -DCHECK_FUNCTION_EXISTS=pthread_create   -o CMakeFiles/cmTC_9adbb.dir/CheckFunctionExists.c.o   -c /usr/share/cmake-3.7/Modules/CheckFunctionExists.c
Linking C executable cmTC_9adbb
/usr/bin/cmake -E cmake_link_script CMakeFiles/cmTC_9adbb.dir/link.txt --verbose=1
/usr/bin/cc   -DCHECK_FUNCTION_EXISTS=pthread_create    CMakeFiles/cmTC_9adbb.dir/CheckFunctionExists.c.o  -o cmTC_9adbb -rdynamic -lpthreads 
/usr/bin/ld : ne peut trouver -lpthreads
collect2: error: ld returned 1 exit status
CMakeFiles/cmTC_9adbb.dir/build.make:97 : la recette pour la cible « cmTC_9adbb » a échouée
make[1]: *** [cmTC_9adbb] Erreur 1
make[1] : on quitte le répertoire « /home/6im2/mvaill01/Bureau/s3 opengl/GLImac-Template-build/CMakeFiles/CMakeTmp »
Makefile:126 : la recette pour la cible « cmTC_9adbb/fast » a échouée
make: *** [cmTC_9adbb/fast] Erreur 2


Determining if the pthread_create exist failed with the following output:
Change Dir: /home/margaux/Documents/S3_OPENGL/GLImac-Template-build/CMakeFiles/CMakeTmp

Run Build Command:"/usr/bin/make" "cmTC_f6a52/fast"
/usr/bin/make -f CMakeFiles/cmTC_f6a52.dir/build.make CMakeFiles/cmTC_f6a52.dir/build
make[1] : on entre dans le répertoire « /home/margaux/Documents/S3_OPENGL/GLImac-Template-build/CMakeFiles/CMakeTmp »
Building C object CMakeFiles/cmTC_f6a52.dir/CheckSymbolExists.c.o
/usr/bin/cc    -o CMakeFiles/cmTC_f6a52.dir/CheckSymbolExists.c.o   -c /home/margaux/Documents/S3_OPENGL/GLImac-Template-build/CMakeFiles/CMakeTmp/CheckSymbolExists.c
Linking C executable cmTC_f6a52
/usr/bin/cmake -E cmake_link_script CMakeFiles/cmTC_f6a52.dir/link.txt --verbose=1
/usr/bin/cc      -rdynamic CMakeFiles/cmTC_f6a52.dir/CheckSymbolExists.c.o  -o cmTC_f6a52 
/usr/bin/ld : CMakeFiles/cmTC_f6a52.dir/CheckSymbolExists.c.o : dans la fonction « main » :
CheckSymbolExists.c:(.text+0x1b) : référence indéfinie vers « pthread_create »
collect2: error: ld returned 1 exit status
make[1]: *** [CMakeFiles/cmTC_f6a52.dir/build.make:87: cmTC_f6a52] Error 1
make[1] : on quitte le répertoire « /home/margaux/Documents/S3_OPENGL/GLImac-Template-build/CMakeFiles/CMakeTmp »
make: *** [Makefile:121: cmTC_f6a52/fast] Error 2

File /home/margaux/Documents/S3_OPENGL/GLImac-Template-build/CMakeFiles/CMakeTmp/CheckSymbolExists.c:
/* */
#include <pthread.h>

int main(int argc, char** argv)
{
  (void)argv;
#ifndef pthread_create
  return ((int*)(&pthread_create))[argc];
#else
  (void)argc;
  return 0;
#endif
}

Determining if the function pthread_create exists in the pthreads failed with the following output:
Change Dir: /home/margaux/Documents/S3_OPENGL/GLImac-Template-build/CMakeFiles/CMakeTmp

Run Build Command:"/usr/bin/make" "cmTC_99490/fast"
/usr/bin/make -f CMakeFiles/cmTC_99490.dir/build.make CMakeFiles/cmTC_99490.dir/build
make[1] : on entre dans le répertoire « /home/margaux/Documents/S3_OPENGL/GLImac-Template-build/CMakeFiles/CMakeTmp »
Building C object CMakeFiles/cmTC_99490.dir/CheckFunctionExists.c.o
/usr/bin/cc   -DCHECK_FUNCTION_EXISTS=pthread_create   -o CMakeFiles/cmTC_99490.dir/CheckFunctionExists.c.o   -c /usr/share/cmake-3.13/Modules/CheckFunctionExists.c
Linking C executable cmTC_99490
/usr/bin/cmake -E cmake_link_script CMakeFiles/cmTC_99490.dir/link.txt --verbose=1
/usr/bin/cc  -DCHECK_FUNCTION_EXISTS=pthread_create    -rdynamic CMakeFiles/cmTC_99490.dir/CheckFunctionExists.c.o  -o cmTC_99490 -lpthreads 
/usr/bin/ld : ne peut trouver -lpthreads
collect2: error: ld returned 1 exit status
make[1]: *** [CMakeFiles/cmTC_99490.dir/build.make:87: cmTC_99490] Error 1
make[1] : on quitte le répertoire « /home/margaux/Documents/S3_OPENGL/GLImac-Template-build/CMakeFiles/CMakeTmp »
make: *** [Makefile:121: cmTC_99490/fast] Error 2


Determining if the pthread_create exist failed with the following output:
Change Dir: /home/margaux/Documents/S3_OPENGL/GLImac-Template-build/CMakeFiles/CMakeTmp

Run Build Command:"/usr/bin/make" "cmTC_0cd2f/fast"
/usr/bin/make -f CMakeFiles/cmTC_0cd2f.dir/build.make CMakeFiles/cmTC_0cd2f.dir/build
make[1] : on entre dans le répertoire « /home/margaux/Documents/S3_OPENGL/GLImac-Template-build/CMakeFiles/CMakeTmp »
Building C object CMakeFiles/cmTC_0cd2f.dir/CheckSymbolExists.c.o
/usr/bin/cc    -o CMakeFiles/cmTC_0cd2f.dir/CheckSymbolExists.c.o   -c /home/margaux/Documents/S3_OPENGL/GLImac-Template-build/CMakeFiles/CMakeTmp/CheckSymbolExists.c
Linking C executable cmTC_0cd2f
/usr/bin/cmake -E cmake_link_script CMakeFiles/cmTC_0cd2f.dir/link.txt --verbose=1
/usr/bin/cc      -rdynamic CMakeFiles/cmTC_0cd2f.dir/CheckSymbolExists.c.o  -o cmTC_0cd2f 
/usr/bin/ld : CMakeFiles/cmTC_0cd2f.dir/CheckSymbolExists.c.o : dans la fonction « main » :
CheckSymbolExists.c:(.text+0x1b) : référence indéfinie vers « pthread_create »
collect2: error: ld returned 1 exit status
make[1]: *** [CMakeFiles/cmTC_0cd2f.dir/build.make:87: cmTC_0cd2f] Error 1
make[1] : on quitte le répertoire « /home/margaux/Documents/S3_OPENGL/GLImac-Template-build/CMakeFiles/CMakeTmp »
make: *** [Makefile:121: cmTC_0cd2f/fast] Error 2

File /home/margaux/Documents/S3_OPENGL/GLImac-Template-build/CMakeFiles/CMakeTmp/CheckSymbolExists.c:
/* */
#include <pthread.h>

int main(int argc, char** argv)
{
  (void)argv;
#ifndef pthread_create
  return ((int*)(&pthread_create))[argc];
#else
  (void)argc;
  return 0;
#endif
}

Determining if the function pthread_create exists in the pthreads failed with the following output:
Change Dir: /home/margaux/Documents/S3_OPENGL/GLImac-Template-build/CMakeFiles/CMakeTmp

Run Build Command:"/usr/bin/make" "cmTC_62b4a/fast"
/usr/bin/make -f CMakeFiles/cmTC_62b4a.dir/build.make CMakeFiles/cmTC_62b4a.dir/build
make[1] : on entre dans le répertoire « /home/margaux/Documents/S3_OPENGL/GLImac-Template-build/CMakeFiles/CMakeTmp »
Building C object CMakeFiles/cmTC_62b4a.dir/CheckFunctionExists.c.o
/usr/bin/cc   -DCHECK_FUNCTION_EXISTS=pthread_create   -o CMakeFiles/cmTC_62b4a.dir/CheckFunctionExists.c.o   -c /usr/share/cmake-3.13/Modules/CheckFunctionExists.c
Linking C executable cmTC_62b4a
/usr/bin/cmake -E cmake_link_script CMakeFiles/cmTC_62b4a.dir/link.txt --verbose=1
/usr/bin/cc  -DCHECK_FUNCTION_EXISTS=pthread_create    -rdynamic CMakeFiles/cmTC_62b4a.dir/CheckFunctionExists.c.o  -o cmTC_62b4a -lpthreads 
/usr/bin/ld : ne peut trouver -lpthreads
collect2: error: ld returned 1 exit status
make[1]: *** [CMakeFiles/cmTC_62b4a.dir/build.make:87: cmTC_62b4a] Error 1
make[1] : on quitte le répertoire « /home/margaux/Documents/S3_OPENGL/GLImac-Template-build/CMakeFiles/CMakeTmp »
make: *** [Makefile:121: cmTC_62b4a/fast] Error 2


Determining if the pthread_create exist failed with the following output:
Change Dir: /home/margaux/Documents/S3_OPENGL_Projet/GLImac-Template-build/CMakeFiles/CMakeTmp

Run Build Command:"/usr/bin/make" "cmTC_dd090/fast"
/usr/bin/make -f CMakeFiles/cmTC_dd090.dir/build.make CMakeFiles/cmTC_dd090.dir/build
make[1] : on entre dans le répertoire « /home/margaux/Documents/S3_OPENGL_Projet/GLImac-Template-build/CMakeFiles/CMakeTmp »
Building C object CMakeFiles/cmTC_dd090.dir/CheckSymbolExists.c.o
/usr/bin/cc    -o CMakeFiles/cmTC_dd090.dir/CheckSymbolExists.c.o   -c /home/margaux/Documents/S3_OPENGL_Projet/GLImac-Template-build/CMakeFiles/CMakeTmp/CheckSymbolExists.c
Linking C executable cmTC_dd090
/usr/bin/cmake -E cmake_link_script CMakeFiles/cmTC_dd090.dir/link.txt --verbose=1
/usr/bin/cc      -rdynamic CMakeFiles/cmTC_dd090.dir/CheckSymbolExists.c.o  -o cmTC_dd090 
/usr/bin/ld : CMakeFiles/cmTC_dd090.dir/CheckSymbolExists.c.o : dans la fonction « main » :
CheckSymbolExists.c:(.text+0x1b) : référence indéfinie vers « pthread_create »
collect2: error: ld returned 1 exit status
make[1]: *** [CMakeFiles/cmTC_dd090.dir/build.make:87: cmTC_dd090] Error 1
make[1] : on quitte le répertoire « /home/margaux/Documents/S3_OPENGL_Projet/GLImac-Template-build/CMakeFiles/CMakeTmp »
make: *** [Makefile:121: cmTC_dd090/fast] Error 2

File /home/margaux/Documents/S3_OPENGL_Projet/GLImac-Template-build/CMakeFiles/CMakeTmp/CheckSymbolExists.c:
/* */
#include <pthread.h>

int main(int argc, char** argv)
{
  (void)argv;
#ifndef pthread_create
  return ((int*)(&pthread_create))[argc];
#else
  (void)argc;
  return 0;
#endif
}

Determining if the function pthread_create exists in the pthreads failed with the following output:
Change Dir: /home/margaux/Documents/S3_OPENGL_Projet/GLImac-Template-build/CMakeFiles/CMakeTmp

Run Build Command:"/usr/bin/make" "cmTC_124d6/fast"
/usr/bin/make -f CMakeFiles/cmTC_124d6.dir/build.make CMakeFiles/cmTC_124d6.dir/build
make[1] : on entre dans le répertoire « /home/margaux/Documents/S3_OPENGL_Projet/GLImac-Template-build/CMakeFiles/CMakeTmp »
Building C object CMakeFiles/cmTC_124d6.dir/CheckFunctionExists.c.o
/usr/bin/cc   -DCHECK_FUNCTION_EXISTS=pthread_create   -o CMakeFiles/cmTC_124d6.dir/CheckFunctionExists.c.o   -c /usr/share/cmake-3.13/Modules/CheckFunctionExists.c
Linking C executable cmTC_124d6
/usr/bin/cmake -E cmake_link_script CMakeFiles/cmTC_124d6.dir/link.txt --verbose=1
/usr/bin/cc  -DCHECK_FUNCTION_EXISTS=pthread_create    -rdynamic CMakeFiles/cmTC_124d6.dir/CheckFunctionExists.c.o  -o cmTC_124d6 -lpthreads 
/usr/bin/ld : ne peut trouver -lpthreads
collect2: error: ld returned 1 exit status
make[1]: *** [CMakeFiles/cmTC_124d6.dir/build.make:87: cmTC_124d6] Error 1
make[1] : on quitte le répertoire « /home/margaux/Documents/S3_OPENGL_Projet/GLImac-Template-build/CMakeFiles/CMakeTmp »
make: *** [Makefile:121: cmTC_124d6/fast] Error 2


