Determining if the pthread_create exist failed with the following output:
Change Dir: /home/laurelenn/Dropbox/Importants/IMAC/A2/S3 - OpenGL/S3_OPENGL_Projet/CMakeFiles/CMakeTmp

Run Build Command:"/usr/bin/make" "cmTC_3f97f/fast"
/usr/bin/make -f CMakeFiles/cmTC_3f97f.dir/build.make CMakeFiles/cmTC_3f97f.dir/build
make[1] : on entre dans le répertoire « /home/laurelenn/Dropbox/Importants/IMAC/A2/S3 - OpenGL/S3_OPENGL_Projet/CMakeFiles/CMakeTmp »
Building C object CMakeFiles/cmTC_3f97f.dir/CheckSymbolExists.c.o
/usr/bin/cc    -o CMakeFiles/cmTC_3f97f.dir/CheckSymbolExists.c.o   -c "/home/laurelenn/Dropbox/Importants/IMAC/A2/S3 - OpenGL/S3_OPENGL_Projet/CMakeFiles/CMakeTmp/CheckSymbolExists.c"
Linking C executable cmTC_3f97f
/usr/bin/cmake -E cmake_link_script CMakeFiles/cmTC_3f97f.dir/link.txt --verbose=1
/usr/bin/cc      -rdynamic CMakeFiles/cmTC_3f97f.dir/CheckSymbolExists.c.o  -o cmTC_3f97f 
/usr/bin/ld : CMakeFiles/cmTC_3f97f.dir/CheckSymbolExists.c.o : dans la fonction « main » :
CheckSymbolExists.c:(.text+0x1f) : référence indéfinie vers « pthread_create »
collect2: error: ld returned 1 exit status
make[1]: *** [CMakeFiles/cmTC_3f97f.dir/build.make:87: cmTC_3f97f] Error 1
make[1] : on quitte le répertoire « /home/laurelenn/Dropbox/Importants/IMAC/A2/S3 - OpenGL/S3_OPENGL_Projet/CMakeFiles/CMakeTmp »
make: *** [Makefile:121: cmTC_3f97f/fast] Error 2

File /home/laurelenn/Dropbox/Importants/IMAC/A2/S3 - OpenGL/S3_OPENGL_Projet/CMakeFiles/CMakeTmp/CheckSymbolExists.c:
/* */
#include <pthread.h>

int main(int argc, char** argv)
{
  (void)argv;
#ifndef pthread_create
  return ((int*)(&pthread_create))[argc];
#else
  (void)argc;
  return 0;
#endif
}

Determining if the function pthread_create exists in the pthreads failed with the following output:
Change Dir: /home/laurelenn/Dropbox/Importants/IMAC/A2/S3 - OpenGL/S3_OPENGL_Projet/CMakeFiles/CMakeTmp

Run Build Command:"/usr/bin/make" "cmTC_30977/fast"
/usr/bin/make -f CMakeFiles/cmTC_30977.dir/build.make CMakeFiles/cmTC_30977.dir/build
make[1] : on entre dans le répertoire « /home/laurelenn/Dropbox/Importants/IMAC/A2/S3 - OpenGL/S3_OPENGL_Projet/CMakeFiles/CMakeTmp »
Building C object CMakeFiles/cmTC_30977.dir/CheckFunctionExists.c.o
/usr/bin/cc   -DCHECK_FUNCTION_EXISTS=pthread_create   -o CMakeFiles/cmTC_30977.dir/CheckFunctionExists.c.o   -c /usr/share/cmake-3.13/Modules/CheckFunctionExists.c
Linking C executable cmTC_30977
/usr/bin/cmake -E cmake_link_script CMakeFiles/cmTC_30977.dir/link.txt --verbose=1
/usr/bin/cc  -DCHECK_FUNCTION_EXISTS=pthread_create    -rdynamic CMakeFiles/cmTC_30977.dir/CheckFunctionExists.c.o  -o cmTC_30977 -lpthreads 
/usr/bin/ld : ne peut trouver -lpthreads
collect2: error: ld returned 1 exit status
make[1]: *** [CMakeFiles/cmTC_30977.dir/build.make:87: cmTC_30977] Error 1
make[1] : on quitte le répertoire « /home/laurelenn/Dropbox/Importants/IMAC/A2/S3 - OpenGL/S3_OPENGL_Projet/CMakeFiles/CMakeTmp »
make: *** [Makefile:121: cmTC_30977/fast] Error 2


